<?xml version="1.0" encoding="UTF-8"?>
<!-- Generated by org.testng.reporters.JUnitReportReporter -->
<testsuite hostname="LAPTOP-KJJ88JC5" failures="0" tests="10" name="com.urbanladder.runner.runner" time="84.409" errors="0" timestamp="27 Sep 2021 12:41:36 GMT">
  <testcase classname="com.urbanladder.runner.runner" name="runScenario" time="8.686"/>
  <testcase classname="com.urbanladder.runner.runner" name="runScenario" time="8.769"/>
  <testcase classname="com.urbanladder.runner.runner" name="runScenario" time="8.915"/>
  <testcase classname="com.urbanladder.runner.runner" name="runScenario" time="1.354"/>
  <testcase classname="com.urbanladder.runner.runner" name="runScenario" time="8.405"/>
  <testcase classname="com.urbanladder.runner.runner" name="runScenario" time="1.472"/>
  <testcase classname="com.urbanladder.runner.runner" name="runScenario" time="17.322"/>
  <testcase classname="com.urbanladder.runner.runner" name="runScenario" time="10.073"/>
  <testcase classname="com.urbanladder.runner.runner" name="runScenario" time="9.720"/>
  <testcase classname="com.urbanladder.runner.runner" name="runScenario" time="9.693"/>
</testsuite> <!-- com.urbanladder.runner.runner -->
